{"numTotalTestSuites":33,"numPassedTestSuites":28,"numFailedTestSuites":5,"numPendingTestSuites":0,"numTotalTests":101,"numPassedTests":97,"numFailedTests":4,"numPendingTests":0,"numTodoTests":0,"snapshot":{"added":0,"failure":false,"filesAdded":0,"filesRemoved":0,"filesRemovedList":[],"filesUnmatched":0,"filesUpdated":0,"matched":0,"total":0,"unchecked":0,"uncheckedKeysByFile":[],"unmatched":0,"updated":0,"didUpdate":false},"startTime":1749730941478,"success":false,"testResults":[{"assertionResults":[{"ancestorTitles":["AddTransactionSheet"],"fullName":"AddTransactionSheet renders without crashing","status":"passed","title":"renders without crashing","duration":14.734333038330078,"failureMessages":[],"meta":{}},{"ancestorTitles":["AddTransactionSheet"],"fullName":"AddTransactionSheet shows correct button text for income","status":"passed","title":"shows correct button text for income","duration":3.850584030151367,"failureMessages":[],"meta":{}},{"ancestorTitles":["AddTransactionSheet"],"fullName":"AddTransactionSheet shows correct button text for expense","status":"passed","title":"shows correct button text for expense","duration":2.1160000562667847,"failureMessages":[],"meta":{}}],"startTime":1749730943732,"endTime":1749730943752.116,"status":"passed","message":"","name":"/Users/umarsyarif/Documents/Dev/Web/finance-app/client/src/test/AddTransactionSheet.test.tsx"},{"assertionResults":[{"ancestorTitles":["Dashboard"],"fullName":"Dashboard renders dashboard with wallet carousel","status":"passed","title":"renders dashboard with wallet carousel","duration":19.00129199028015,"failureMessages":[],"meta":{}},{"ancestorTitles":["Dashboard"],"fullName":"Dashboard shows message when no wallet is selected","status":"passed","title":"shows message when no wallet is selected","duration":4.708041071891785,"failureMessages":[],"meta":{}},{"ancestorTitles":["Dashboard"],"fullName":"Dashboard renders add transaction buttons","status":"passed","title":"renders add transaction buttons","duration":2.580625057220459,"failureMessages":[],"meta":{}},{"ancestorTitles":["Dashboard"],"fullName":"Dashboard renders transactions list when wallet is selected","status":"passed","title":"renders transactions list when wallet is selected","duration":15.527042031288147,"failureMessages":[],"meta":{}},{"ancestorTitles":["Dashboard"],"fullName":"Dashboard calls onTransactionChange when add button is clicked","status":"passed","title":"calls onTransactionChange when add button is clicked","duration":6.65091598033905,"failureMessages":[],"meta":{}},{"ancestorTitles":["Dashboard"],"fullName":"Dashboard shows transactions list when wallet is selected","status":"passed","title":"shows transactions list when wallet is selected","duration":18.703875064849854,"failureMessages":[],"meta":{}},{"ancestorTitles":["Dashboard"],"fullName":"Dashboard displays wallet income and expense","status":"passed","title":"displays wallet income and expense","duration":1.6141659021377563,"failureMessages":[],"meta":{}},{"ancestorTitles":["Dashboard"],"fullName":"Dashboard displays transaction details when wallet is selected","status":"passed","title":"displays transaction details when wallet is selected","duration":15.310209035873413,"failureMessages":[],"meta":{}}],"startTime":1749730943524,"endTime":1749730943608.3103,"status":"passed","message":"","name":"/Users/umarsyarif/Documents/Dev/Web/finance-app/client/src/test/Dashboard.test.tsx"},{"assertionResults":[{"ancestorTitles":["DateTimePicker"],"fullName":"DateTimePicker renders without crashing","status":"passed","title":"renders without crashing","duration":41.864750027656555,"failureMessages":[],"meta":{}},{"ancestorTitles":["DateTimePicker"],"fullName":"DateTimePicker displays placeholder when no date is selected","status":"passed","title":"displays placeholder when no date is selected","duration":6.005291938781738,"failureMessages":[],"meta":{}},{"ancestorTitles":["DateTimePicker"],"fullName":"DateTimePicker displays formatted date and time when date is provided","status":"passed","title":"displays formatted date and time when date is provided","duration":12.016375064849854,"failureMessages":[],"meta":{}},{"ancestorTitles":["DateTimePicker"],"fullName":"DateTimePicker calls onSelect when date is selected from calendar","status":"passed","title":"calls onSelect when date is selected from calendar","duration":13.57937490940094,"failureMessages":[],"meta":{}},{"ancestorTitles":["DateTimePicker"],"fullName":"DateTimePicker calls onSelect when time is changed","status":"passed","title":"calls onSelect when time is changed","duration":6.748291969299316,"failureMessages":[],"meta":{}},{"ancestorTitles":["DateTimePicker"],"fullName":"DateTimePicker handles invalid time input gracefully","status":"passed","title":"handles invalid time input gracefully","duration":17.927790999412537,"failureMessages":[],"meta":{}},{"ancestorTitles":["DateTimePicker"],"fullName":"DateTimePicker is disabled when disabled prop is true","status":"passed","title":"is disabled when disabled prop is true","duration":10.4927499294281,"failureMessages":[],"meta":{}},{"ancestorTitles":["DateTimePicker"],"fullName":"DateTimePicker applies custom className","status":"passed","title":"applies custom className","duration":5.440124988555908,"failureMessages":[],"meta":{}},{"ancestorTitles":["DateTimePicker"],"fullName":"DateTimePicker preserves date when only time is changed","status":"passed","title":"preserves date when only time is changed","duration":12.787124991416931,"failureMessages":[],"meta":{}},{"ancestorTitles":["DateTimePicker"],"fullName":"DateTimePicker preserves time when only date is changed","status":"passed","title":"preserves time when only date is changed","duration":19.53012490272522,"failureMessages":[],"meta":{}}],"startTime":1749730942835,"endTime":1749730942981.53,"status":"passed","message":"","name":"/Users/umarsyarif/Documents/Dev/Web/finance-app/client/src/test/DateTimePicker.test.tsx"},{"assertionResults":[{"ancestorTitles":["Login"],"fullName":"Login renders login form with all required fields","status":"passed","title":"renders login form with all required fields","duration":34.543749928474426,"failureMessages":[],"meta":{}},{"ancestorTitles":["Login"],"fullName":"Login updates form fields when user types","status":"passed","title":"updates form fields when user types","duration":28.7763329744339,"failureMessages":[],"meta":{}},{"ancestorTitles":["Login"],"fullName":"Login calls login function when form is submitted with valid data","status":"failed","title":"calls login function when form is submitted with valid data","duration":1049.2032079696655,"failureMessages":["AssertionError: expected \"spy\" to be called with arguments: [ 'test@example.com', 'password123' ]\u001b[90m\n\nNumber of calls: \u001b[1m0\u001b[22m\n\u001b[39m\n\nIgnored nodes: comments, script, style\n\u001b[36m<html>\u001b[39m\n  \u001b[36m<head />\u001b[39m\n  \u001b[36m<body>\u001b[39m\n    \u001b[36m<div>\u001b[39m\n      \u001b[36m<div\u001b[39m\n        \u001b[33mclass\u001b[39m=\u001b[32m\"min-h-screen flex items-center justify-center p-4 bg-muted/10\"\u001b[39m\n      \u001b[36m>\u001b[39m\n        \u001b[36m<div\u001b[39m\n          \u001b[33mdata-testid\u001b[39m=\u001b[32m\"card\"\u001b[39m\n        \u001b[36m>\u001b[39m\n          \u001b[36m<div\u001b[39m\n            \u001b[33mdata-testid\u001b[39m=\u001b[32m\"card-header\"\u001b[39m\n          \u001b[36m>\u001b[39m\n            \u001b[36m<div\u001b[39m\n              \u001b[33mclass\u001b[39m=\u001b[32m\"flex justify-center mb-4\"\u001b[39m\n            \u001b[36m>\u001b[39m\n              \u001b[36m<div\u001b[39m\n                \u001b[33mdata-testid\u001b[39m=\u001b[32m\"app-logo\"\u001b[39m\n              \u001b[36m>\u001b[39m\n                \u001b[0mFinance App\u001b[0m\n              \u001b[36m</div>\u001b[39m\n            \u001b[36m</div>\u001b[39m\n            \u001b[36m<h1\u001b[39m\n              \u001b[33mdata-testid\u001b[39m=\u001b[32m\"card-title\"\u001b[39m\n            \u001b[36m>\u001b[39m\n              \u001b[0mWelcome back\u001b[0m\n            \u001b[36m</h1>\u001b[39m\n            \u001b[36m<p\u001b[39m\n              \u001b[33mdata-testid\u001b[39m=\u001b[32m\"card-description\"\u001b[39m\n            \u001b[36m>\u001b[39m\n              \u001b[0mEnter your email to sign in to your account\u001b[0m\n            \u001b[36m</p>\u001b[39m\n          \u001b[36m</div>\u001b[39m\n          \u001b[36m<div\u001b[39m\n            \u001b[33mdata-testid\u001b[39m=\u001b[32m\"card-content\"\u001b[39m\n          \u001b[36m>\u001b[39m\n            \u001b[36m<form\u001b[39m\n              \u001b[33mclass\u001b[39m=\u001b[32m\"space-y-4\"\u001b[39m\n            \u001b[36m>\u001b[39m\n              \u001b[36m<div\u001b[39m\n                \u001b[33mclass\u001b[39m=\u001b[32m\"space-y-2\"\u001b[39m\n              \u001b[36m>\u001b[39m\n                \u001b[36m<input\u001b[39m\n                  \u001b[33mdata-testid\u001b[39m=\u001b[32m\"input-email\"\u001b[39m\n                  \u001b[33mname\u001b[39m=\u001b[32m\"email\"\u001b[39m\n                  \u001b[33mplaceholder\u001b[39m=\u001b[32m\"name@example.com\"\u001b[39m\n                  \u001b[33mrequired\u001b[39m=\u001b[32m\"\"\u001b[39m\n                  \u001b[33mtype\u001b[39m=\u001b[32m\"email\"\u001b[39m\n                  \u001b[33mvalue\u001b[39m=\u001b[32m\"test@example.com\"\u001b[39m\n                \u001b[36m/>\u001b[39m\n              \u001b[36m</div>\u001b[39m\n              \u001b[36m<div\u001b[39m\n                \u001b[33mclass\u001b[39m=\u001b[32m\"space-y-2\"\u001b[39m\n              \u001b[36m>\u001b[39m\n                \u001b[36m<input\u001b[39m\n                  \u001b[33mdata-testid\u001b[39m=\u001b[32m\"input-password\"\u001b[39m\n                  \u001b[33mname\u001b[39m=\u001b[32m\"password\"\u001b[39m\n                  \u001b[33mplaceholder\u001b[39m=\u001b[32m\"Enter your password\"\u001b[39m\n                  \u001b[33mrequired\u001b[39m=\u001b[32m\"\"\u001b[39m\n                  \u001b[33mtype\u001b[39m=\u001b[32m\"password\"\u001b[39m\n                  \u001b[33mvalue\u001b[39m=\u001b[32m\"password123\"\u001b[39m\n                \u001b[36m/>\u001b[39m\n              \u001b[36m</div>\u001b[39m\n              \u001b[36m<button\u001b[39m\n                \u001b[33mclass\u001b[39m=\u001b[32m\"w-full\"\u001b[39m\n                \u001b[33mdata-testid\u001b[39m=\u001b[32m\"submit-button\"\u001b[39m\n                \u001b[33mtype\u001b[39m=\u001b[32m\"submit\"\u001b[39m\n              \u001b[36m>\u001b[39m\n                \u001b[0mSign in\u001b[0m\n              \u001b[36m</button>\u001b[39m\n              \u001b[36m<div\u001b[39m\n                \u001b[33mclass\u001b[39m=\u001b[32m\"text-center text-sm text-muted-foreground\"\u001b[39m\n              \u001b[36m>\u001b[39m\n                \u001b[0mDon't have an account?\u001b[0m\n                \u001b[0m \u001b[0m\n                \u001b[36m<a\u001b[39m\n                  \u001b[33mclass\u001b[39m=\u001b[32m\"text-primary hover:underline\"\u001b[39m\n                  \u001b[33mdata-discover\u001b[39m=\u001b[32m\"true\"\u001b[39m\n                  \u001b[33mhref\u001b[39m=\u001b[32m\"/register\"\u001b[39m\n                \u001b[36m>\u001b[39m\n                  \u001b[0mSign up\u001b[0m\n                \u001b[36m</a>\u001b[39m\n              \u001b[36m</div>\u001b[39m\n            \u001b[36m</form>\u001b[39m\n          \u001b[36m</div>\u001b[39m\n        \u001b[36m</div>\u001b[39m\n      \u001b[36m</div>\u001b[39m\n    \u001b[36m</div>\u001b[39m\n  \u001b[36m</body>\u001b[39m\n\u001b[36m</html>\u001b[39m\n    at Proxy.<anonymous> (file:///Users/umarsyarif/Documents/Dev/Web/finance-app/client/node_modules/@vitest/expect/dist/index.js:1346:10)\n    at Proxy.<anonymous> (file:///Users/umarsyarif/Documents/Dev/Web/finance-app/client/node_modules/@vitest/expect/dist/index.js:1022:14)\n    at Proxy.methodWrapper (file:///Users/umarsyarif/Documents/Dev/Web/finance-app/client/node_modules/chai/chai.js:1618:25)\n    at /Users/umarsyarif/Documents/Dev/Web/finance-app/client/src/test/Login.test.tsx:102:25\n    at runWithExpensiveErrorDiagnosticsDisabled (/Users/umarsyarif/Documents/Dev/Web/finance-app/client/node_modules/@testing-library/dom/dist/config.js:47:12)\n    at checkCallback (/Users/umarsyarif/Documents/Dev/Web/finance-app/client/node_modules/@testing-library/dom/dist/wait-for.js:124:77)\n    at Timeout.checkRealTimersCallback (/Users/umarsyarif/Documents/Dev/Web/finance-app/client/node_modules/@testing-library/dom/dist/wait-for.js:118:16)\n    at listOnTimeout (node:internal/timers:573:17)\n    at processTimers (node:internal/timers:514:7)"],"meta":{}},{"ancestorTitles":["Login"],"fullName":"Login displays error message when login fails","status":"failed","title":"displays error message when login fails","duration":1012.5334169864655,"failureMessages":["Error: Unable to find an element with the text: Invalid credentials. This could be because the text is broken up by multiple elements. In this case, you can provide a function for your text matcher to make your matcher more flexible.\n\nIgnored nodes: comments, script, style\n\u001b[36m<body>\u001b[39m\n  \u001b[36m<div>\u001b[39m\n    \u001b[36m<div\u001b[39m\n      \u001b[33mclass\u001b[39m=\u001b[32m\"min-h-screen flex items-center justify-center p-4 bg-muted/10\"\u001b[39m\n    \u001b[36m>\u001b[39m\n      \u001b[36m<div\u001b[39m\n        \u001b[33mdata-testid\u001b[39m=\u001b[32m\"card\"\u001b[39m\n      \u001b[36m>\u001b[39m\n        \u001b[36m<div\u001b[39m\n          \u001b[33mdata-testid\u001b[39m=\u001b[32m\"card-header\"\u001b[39m\n        \u001b[36m>\u001b[39m\n          \u001b[36m<div\u001b[39m\n            \u001b[33mclass\u001b[39m=\u001b[32m\"flex justify-center mb-4\"\u001b[39m\n          \u001b[36m>\u001b[39m\n            \u001b[36m<div\u001b[39m\n              \u001b[33mdata-testid\u001b[39m=\u001b[32m\"app-logo\"\u001b[39m\n            \u001b[36m>\u001b[39m\n              \u001b[0mFinance App\u001b[0m\n            \u001b[36m</div>\u001b[39m\n          \u001b[36m</div>\u001b[39m\n          \u001b[36m<h1\u001b[39m\n            \u001b[33mdata-testid\u001b[39m=\u001b[32m\"card-title\"\u001b[39m\n          \u001b[36m>\u001b[39m\n            \u001b[0mWelcome back\u001b[0m\n          \u001b[36m</h1>\u001b[39m\n          \u001b[36m<p\u001b[39m\n            \u001b[33mdata-testid\u001b[39m=\u001b[32m\"card-description\"\u001b[39m\n          \u001b[36m>\u001b[39m\n            \u001b[0mEnter your email to sign in to your account\u001b[0m\n          \u001b[36m</p>\u001b[39m\n        \u001b[36m</div>\u001b[39m\n        \u001b[36m<div\u001b[39m\n          \u001b[33mdata-testid\u001b[39m=\u001b[32m\"card-content\"\u001b[39m\n        \u001b[36m>\u001b[39m\n          \u001b[36m<form\u001b[39m\n            \u001b[33mclass\u001b[39m=\u001b[32m\"space-y-4\"\u001b[39m\n          \u001b[36m>\u001b[39m\n            \u001b[36m<div\u001b[39m\n              \u001b[33mclass\u001b[39m=\u001b[32m\"space-y-2\"\u001b[39m\n            \u001b[36m>\u001b[39m\n              \u001b[36m<input\u001b[39m\n                \u001b[33mdata-testid\u001b[39m=\u001b[32m\"input-email\"\u001b[39m\n                \u001b[33mname\u001b[39m=\u001b[32m\"email\"\u001b[39m\n                \u001b[33mplaceholder\u001b[39m=\u001b[32m\"name@example.com\"\u001b[39m\n                \u001b[33mrequired\u001b[39m=\u001b[32m\"\"\u001b[39m\n                \u001b[33mtype\u001b[39m=\u001b[32m\"email\"\u001b[39m\n                \u001b[33mvalue\u001b[39m=\u001b[32m\"test@example.com\"\u001b[39m\n              \u001b[36m/>\u001b[39m\n            \u001b[36m</div>\u001b[39m\n            \u001b[36m<div\u001b[39m\n              \u001b[33mclass\u001b[39m=\u001b[32m\"space-y-2\"\u001b[39m\n            \u001b[36m>\u001b[39m\n              \u001b[36m<input\u001b[39m\n                \u001b[33mdata-testid\u001b[39m=\u001b[32m\"input-password\"\u001b[39m\n                \u001b[33mname\u001b[39m=\u001b[32m\"password\"\u001b[39m\n                \u001b[33mplaceholder\u001b[39m=\u001b[32m\"Enter your password\"\u001b[39m\n                \u001b[33mrequired\u001b[39m=\u001b[32m\"\"\u001b[39m\n                \u001b[33mtype\u001b[39m=\u001b[32m\"password\"\u001b[39m\n                \u001b[33mvalue\u001b[39m=\u001b[32m\"wrongpassword\"\u001b[39m\n              \u001b[36m/>\u001b[39m\n            \u001b[36m</div>\u001b[39m\n            \u001b[36m<button\u001b[39m\n              \u001b[33mclass\u001b[39m=\u001b[32m\"w-full\"\u001b[39m\n              \u001b[33mdata-testid\u001b[39m=\u001b[32m\"submit-button\"\u001b[39m\n              \u001b[33mtype\u001b[39m=\u001b[32m\"submit\"\u001b[39m\n            \u001b[36m>\u001b[39m\n              \u001b[0mSign in\u001b[0m\n            \u001b[36m</button>\u001b[39m\n            \u001b[36m<div\u001b[39m\n              \u001b[33mclass\u001b[39m=\u001b[32m\"text-center text-sm text-muted-foreground\"\u001b[39m\n            \u001b[36m>\u001b[39m\n              \u001b[0mDon't have an account?\u001b[0m\n              \u001b[0m \u001b[0m\n              \u001b[36m<a\u001b[39m\n                \u001b[33mclass\u001b[39m=\u001b[32m\"text-primary hover:underline\"\u001b[39m\n                \u001b[33mdata-discover\u001b[39m=\u001b[32m\"true\"\u001b[39m\n                \u001b[33mhref\u001b[39m=\u001b[32m\"/register\"\u001b[39m\n              \u001b[36m>\u001b[39m\n                \u001b[0mSign up\u001b[0m\n              \u001b[36m</a>\u001b[39m\n            \u001b[36m</div>\u001b[39m\n          \u001b[36m</form>\u001b[39m\n        \u001b[36m</div>\u001b[39m\n      \u001b[36m</div>\u001b[39m\n    \u001b[36m</div>\u001b[39m\n  \u001b[36m</div>\u001b[39m\n\u001b[36m</body>\u001b[39m\n    at Proxy.waitForWrapper (/Users/umarsyarif/Documents/Dev/Web/finance-app/client/node_modules/@testing-library/dom/dist/wait-for.js:163:27)\n    at /Users/umarsyarif/Documents/Dev/Web/finance-app/client/src/test/Login.test.tsx:118:11\n    at file:///Users/umarsyarif/Documents/Dev/Web/finance-app/client/node_modules/@vitest/runner/dist/chunk-hooks.js:154:11\n    at file:///Users/umarsyarif/Documents/Dev/Web/finance-app/client/node_modules/@vitest/runner/dist/chunk-hooks.js:751:26\n    at file:///Users/umarsyarif/Documents/Dev/Web/finance-app/client/node_modules/@vitest/runner/dist/chunk-hooks.js:1886:20\n    at new Promise (<anonymous>)\n    at runWithTimeout (file:///Users/umarsyarif/Documents/Dev/Web/finance-app/client/node_modules/@vitest/runner/dist/chunk-hooks.js:1852:10)\n    at runTest (file:///Users/umarsyarif/Documents/Dev/Web/finance-app/client/node_modules/@vitest/runner/dist/chunk-hooks.js:1563:12)\n    at runSuite (file:///Users/umarsyarif/Documents/Dev/Web/finance-app/client/node_modules/@vitest/runner/dist/chunk-hooks.js:1718:8)\n    at runSuite (file:///Users/umarsyarif/Documents/Dev/Web/finance-app/client/node_modules/@vitest/runner/dist/chunk-hooks.js:1718:8)"],"meta":{}},{"ancestorTitles":["Login"],"fullName":"Login shows loading state during login process","status":"passed","title":"shows loading state during login process","duration":9.86508309841156,"failureMessages":[],"meta":{}},{"ancestorTitles":["Login"],"fullName":"Login has link to register page","status":"passed","title":"has link to register page","duration":40.34345901012421,"failureMessages":[],"meta":{}}],"startTime":1749730942821,"endTime":1749730944996.3435,"status":"failed","message":"","name":"/Users/umarsyarif/Documents/Dev/Web/finance-app/client/src/test/Login.test.tsx"},{"assertionResults":[{"ancestorTitles":["Register"],"fullName":"Register renders register form with all required fields","status":"passed","title":"renders register form with all required fields","duration":33.07741701602936,"failureMessages":[],"meta":{}},{"ancestorTitles":["Register"],"fullName":"Register updates form fields when user types","status":"passed","title":"updates form fields when user types","duration":24.466457962989807,"failureMessages":[],"meta":{}},{"ancestorTitles":["Register"],"fullName":"Register calls register function when form is submitted with valid data","status":"passed","title":"calls register function when form is submitted with valid data","duration":31.519082903862,"failureMessages":[],"meta":{}},{"ancestorTitles":["Register"],"fullName":"Register displays error message when registration fails","status":"passed","title":"displays error message when registration fails","duration":38.68854200839996,"failureMessages":[],"meta":{}},{"ancestorTitles":["Register"],"fullName":"Register shows loading state during registration process","status":"passed","title":"shows loading state during registration process","duration":120.61870896816254,"failureMessages":[],"meta":{}},{"ancestorTitles":["Register"],"fullName":"Register has link to login page","status":"passed","title":"has link to login page","duration":54.380249977111816,"failureMessages":[],"meta":{}},{"ancestorTitles":["Register"],"fullName":"Register validates required fields","status":"passed","title":"validates required fields","duration":3.441249966621399,"failureMessages":[],"meta":{}},{"ancestorTitles":["Register"],"fullName":"Register has correct input types","status":"passed","title":"has correct input types","duration":8.410791039466858,"failureMessages":[],"meta":{}}],"startTime":1749730942806,"endTime":1749730943121.411,"status":"passed","message":"","name":"/Users/umarsyarif/Documents/Dev/Web/finance-app/client/src/test/Register.test.tsx"},{"assertionResults":[{"ancestorTitles":["Stats Page","Page Rendering"],"fullName":"Stats Page Page Rendering renders the page title and description","status":"passed","title":"renders the page title and description","duration":63.20220899581909,"failureMessages":[],"meta":{}},{"ancestorTitles":["Stats Page","Page Rendering"],"fullName":"Stats Page Page Rendering renders the filter toggle button","status":"passed","title":"renders the filter toggle button","duration":8.303083062171936,"failureMessages":[],"meta":{}},{"ancestorTitles":["Stats Page","Page Rendering"],"fullName":"Stats Page Page Rendering shows filters section when filter button is clicked","status":"passed","title":"shows filters section when filter button is clicked","duration":34.44099998474121,"failureMessages":[],"meta":{}},{"ancestorTitles":["Stats Page","Page Rendering"],"fullName":"Stats Page Page Rendering renders monthly summary cards with correct data","status":"passed","title":"renders monthly summary cards with correct data","duration":30.156999945640564,"failureMessages":[],"meta":{}},{"ancestorTitles":["Stats Page","Page Rendering"],"fullName":"Stats Page Page Rendering renders category breakdown chart","status":"passed","title":"renders category breakdown chart","duration":5.589500069618225,"failureMessages":[],"meta":{}},{"ancestorTitles":["Stats Page","Page Rendering"],"fullName":"Stats Page Page Rendering renders trend chart with default bar type","status":"passed","title":"renders trend chart with default bar type","duration":5.26087498664856,"failureMessages":[],"meta":{}},{"ancestorTitles":["Stats Page","Loading States"],"fullName":"Stats Page Loading States displays loading state when data is being fetched","status":"passed","title":"displays loading state when data is being fetched","duration":1.2565840482711792,"failureMessages":[],"meta":{}},{"ancestorTitles":["Stats Page","Error States"],"fullName":"Stats Page Error States displays error message when there is an error","status":"passed","title":"displays error message when there is an error","duration":4.746082901954651,"failureMessages":[],"meta":{}},{"ancestorTitles":["Stats Page","Filter Functionality"],"fullName":"Stats Page Filter Functionality initializes with current month date range","status":"passed","title":"initializes with current month date range","duration":6.186500072479248,"failureMessages":[],"meta":{}},{"ancestorTitles":["Stats Page","Filter Functionality"],"fullName":"Stats Page Filter Functionality should show/hide filters when clicking filter button","status":"passed","title":"should show/hide filters when clicking filter button","duration":20.65579104423523,"failureMessages":[],"meta":{}},{"ancestorTitles":["Stats Page","Filter Functionality"],"fullName":"Stats Page Filter Functionality should update date filters and apply them","status":"passed","title":"should update date filters and apply them","duration":61.548457980155945,"failureMessages":[],"meta":{}},{"ancestorTitles":["Stats Page","Filter Functionality"],"fullName":"Stats Page Filter Functionality clears filters when clear button is clicked","status":"passed","title":"clears filters when clear button is clicked","duration":13.114583015441895,"failureMessages":[],"meta":{}},{"ancestorTitles":["Stats Page","Filter Functionality"],"fullName":"Stats Page Filter Functionality renders wallet filter options","status":"passed","title":"renders wallet filter options","duration":7.955624938011169,"failureMessages":[],"meta":{}},{"ancestorTitles":["Stats Page","Filter Functionality"],"fullName":"Stats Page Filter Functionality renders category filter options","status":"passed","title":"renders category filter options","duration":26.585792064666748,"failureMessages":[],"meta":{}},{"ancestorTitles":["Stats Page","Filter Functionality"],"fullName":"Stats Page Filter Functionality renders multi-select wallet filter with correct options","status":"passed","title":"renders multi-select wallet filter with correct options","duration":6.745542049407959,"failureMessages":[],"meta":{}},{"ancestorTitles":["Stats Page","Filter Functionality"],"fullName":"Stats Page Filter Functionality handles wallet filter selection","status":"passed","title":"handles wallet filter selection","duration":15.864083051681519,"failureMessages":[],"meta":{}},{"ancestorTitles":["Stats Page","Filter Functionality"],"fullName":"Stats Page Filter Functionality renders all wallet options in multi-select","status":"passed","title":"renders all wallet options in multi-select","duration":17.252458095550537,"failureMessages":[],"meta":{}},{"ancestorTitles":["Stats Page","Filter Functionality"],"fullName":"Stats Page Filter Functionality initializes with main wallet selected","status":"passed","title":"initializes with main wallet selected","duration":20.85729193687439,"failureMessages":[],"meta":{}},{"ancestorTitles":["Stats Page","Filter Functionality"],"fullName":"Stats Page Filter Functionality does not auto-close multi-select after selection","status":"passed","title":"does not auto-close multi-select after selection","duration":16.566875100135803,"failureMessages":[],"meta":{}},{"ancestorTitles":["Stats Page","Filter Functionality"],"fullName":"Stats Page Filter Functionality allows selecting wallet options","status":"passed","title":"allows selecting wallet options","duration":19.888499975204468,"failureMessages":[],"meta":{}},{"ancestorTitles":["Stats Page","Filter Functionality"],"fullName":"Stats Page Filter Functionality shows all wallet options in multi-select","status":"passed","title":"shows all wallet options in multi-select","duration":32.08150005340576,"failureMessages":[],"meta":{}},{"ancestorTitles":["Stats Page","Chart Interactions"],"fullName":"Stats Page Chart Interactions switches between bar and line chart types","status":"passed","title":"switches between bar and line chart types","duration":12.835292100906372,"failureMessages":[],"meta":{}},{"ancestorTitles":["Stats Page","Data Display"],"fullName":"Stats Page Data Display displays category breakdown with percentages and amounts","status":"passed","title":"displays category breakdown with percentages and amounts","duration":4.962584018707275,"failureMessages":[],"meta":{}},{"ancestorTitles":["Stats Page","Data Display"],"fullName":"Stats Page Data Display shows positive balance in green color","status":"passed","title":"shows positive balance in green color","duration":5.15958309173584,"failureMessages":[],"meta":{}},{"ancestorTitles":["Stats Page","Data Display"],"fullName":"Stats Page Data Display shows negative balance in red color when balance is negative","status":"passed","title":"shows negative balance in red color when balance is negative","duration":3.1537920236587524,"failureMessages":[],"meta":{}},{"ancestorTitles":["Stats Page","Data Display"],"fullName":"Stats Page Data Display displays date range labels correctly","status":"passed","title":"displays date range labels correctly","duration":2.7587920427322388,"failureMessages":[],"meta":{}},{"ancestorTitles":["Stats Page","Empty Data States"],"fullName":"Stats Page Empty Data States shows \"No data available\" for empty category breakdown","status":"passed","title":"shows \"No data available\" for empty category breakdown","duration":2.588249921798706,"failureMessages":[],"meta":{}},{"ancestorTitles":["Stats Page","Empty Data States"],"fullName":"Stats Page Empty Data States shows \"No data available\" for empty trend data","status":"passed","title":"shows \"No data available\" for empty trend data","duration":12.29895806312561,"failureMessages":[],"meta":{}},{"ancestorTitles":["Stats Page","Empty Data States"],"fullName":"Stats Page Empty Data States handles null monthly summary gracefully","status":"passed","title":"handles null monthly summary gracefully","duration":5.7085840702056885,"failureMessages":[],"meta":{}},{"ancestorTitles":["Stats Page","Responsive Design"],"fullName":"Stats Page Responsive Design renders responsive containers for charts","status":"passed","title":"renders responsive containers for charts","duration":2.704457998275757,"failureMessages":[],"meta":{}},{"ancestorTitles":["Stats Page","Accessibility"],"fullName":"Stats Page Accessibility has proper labels for form inputs","status":"passed","title":"has proper labels for form inputs","duration":5.879875063896179,"failureMessages":[],"meta":{}},{"ancestorTitles":["Stats Page","Accessibility"],"fullName":"Stats Page Accessibility has proper ARIA labels and roles for charts","status":"passed","title":"has proper ARIA labels and roles for charts","duration":6.0344589948654175,"failureMessages":[],"meta":{}},{"ancestorTitles":["Stats Page","Integration with Hooks"],"fullName":"Stats Page Integration with Hooks renders with stats data from useStats hook","status":"passed","title":"renders with stats data from useStats hook","duration":4.442874908447266,"failureMessages":[],"meta":{}},{"ancestorTitles":["Stats Page","Integration with Hooks"],"fullName":"Stats Page Integration with Hooks renders wallet and category filter options","status":"passed","title":"renders wallet and category filter options","duration":25.71762502193451,"failureMessages":[],"meta":{}}],"startTime":1749730942934,"endTime":1749730943447.7175,"status":"passed","message":"","name":"/Users/umarsyarif/Documents/Dev/Web/finance-app/client/src/test/Stats.test.tsx"},{"assertionResults":[{"ancestorTitles":["Transaction Form Date Handling","New Transaction"],"fullName":"Transaction Form Date Handling New Transaction initializes with current date and time","status":"passed","title":"initializes with current date and time","duration":12.25541603565216,"failureMessages":[],"meta":{}},{"ancestorTitles":["Transaction Form Date Handling","New Transaction"],"fullName":"Transaction Form Date Handling New Transaction resets to current date and time when form is reset","status":"passed","title":"resets to current date and time when form is reset","duration":2.50095796585083,"failureMessages":[],"meta":{}},{"ancestorTitles":["Transaction Form Date Handling","Edit Transaction"],"fullName":"Transaction Form Date Handling Edit Transaction preserves original transaction date when editing","status":"passed","title":"preserves original transaction date when editing","duration":1.6690410375595093,"failureMessages":[],"meta":{}},{"ancestorTitles":["Transaction Form Date Handling","Edit Transaction"],"fullName":"Transaction Form Date Handling Edit Transaction maintains date precision when editing transaction","status":"passed","title":"maintains date precision when editing transaction","duration":1.2161250114440918,"failureMessages":[],"meta":{}},{"ancestorTitles":["Transaction Form Date Handling","Edit Transaction"],"fullName":"Transaction Form Date Handling Edit Transaction handles different timezone dates correctly","status":"passed","title":"handles different timezone dates correctly","duration":1.6067909002304077,"failureMessages":[],"meta":{}},{"ancestorTitles":["Transaction Form Date Handling","Date Updates"],"fullName":"Transaction Form Date Handling Date Updates updates date field correctly","status":"passed","title":"updates date field correctly","duration":2.553583025932312,"failureMessages":[],"meta":{}},{"ancestorTitles":["Transaction Form Date Handling","Date Updates"],"fullName":"Transaction Form Date Handling Date Updates handles date updates from datetime picker","status":"passed","title":"handles date updates from datetime picker","duration":1.0750418901443481,"failureMessages":[],"meta":{}},{"ancestorTitles":["Transaction Form Date Handling","Form Submission"],"fullName":"Transaction Form Date Handling Form Submission submits date in ISO format for new transaction","status":"failed","title":"submits date in ISO format for new transaction","duration":12.707332968711853,"failureMessages":["AssertionError: expected \"spy\" to be called with arguments: [ '/api/transactions', …(1) ]\u001b[90m\n\nReceived: \n\n\u001b[1m  1st spy call:\n\n\u001b[22m\u001b[33m@@ -3,8 +3,9 @@\u001b[90m\n\u001b[2m    {\u001b[22m\n\u001b[2m      \"amount\": 100,\u001b[22m\n\u001b[2m      \"categoryId\": \"cat-1\",\u001b[22m\n\u001b[2m      \"date\": \"2024-01-15T14:30:00.000Z\",\u001b[22m\n\u001b[2m      \"description\": \"Test transaction\",\u001b[22m\n\u001b[31m+     \"title\": \"\",\u001b[90m\n\u001b[2m      \"walletId\": \"wallet-1\",\u001b[22m\n\u001b[2m    },\u001b[22m\n\u001b[2m  ]\u001b[22m\n\u001b[39m\u001b[90m\n\nNumber of calls: \u001b[1m1\u001b[22m\n\u001b[39m\n    at Proxy.<anonymous> (file:///Users/umarsyarif/Documents/Dev/Web/finance-app/client/node_modules/@vitest/expect/dist/index.js:1346:10)\n    at Proxy.<anonymous> (file:///Users/umarsyarif/Documents/Dev/Web/finance-app/client/node_modules/@vitest/expect/dist/index.js:1022:14)\n    at Proxy.methodWrapper (file:///Users/umarsyarif/Documents/Dev/Web/finance-app/client/node_modules/chai/chai.js:1618:25)\n    at /Users/umarsyarif/Documents/Dev/Web/finance-app/client/src/test/TransactionFormDateHandling.test.tsx:183:24\n    at file:///Users/umarsyarif/Documents/Dev/Web/finance-app/client/node_modules/@vitest/runner/dist/chunk-hooks.js:751:20"],"meta":{}},{"ancestorTitles":["Transaction Form Date Handling","Form Submission"],"fullName":"Transaction Form Date Handling Form Submission submits date in ISO format for updated transaction","status":"failed","title":"submits date in ISO format for updated transaction","duration":3.1272079944610596,"failureMessages":["AssertionError: expected \"spy\" to be called with arguments: [ '/api/transactions/trans-1', …(1) ]\u001b[90m\n\nReceived: \n\n\u001b[1m  1st spy call:\n\n\u001b[22m\u001b[33m@@ -3,8 +3,9 @@\u001b[90m\n\u001b[2m    {\u001b[22m\n\u001b[2m      \"amount\": 150.5,\u001b[22m\n\u001b[2m      \"categoryId\": \"cat-1\",\u001b[22m\n\u001b[2m      \"date\": \"2024-01-16T10:00:00.000Z\",\u001b[22m\n\u001b[2m      \"description\": \"Grocery shopping\",\u001b[22m\n\u001b[31m+     \"title\": \"Grocery Shopping\",\u001b[90m\n\u001b[2m      \"walletId\": \"wallet-1\",\u001b[22m\n\u001b[2m    },\u001b[22m\n\u001b[2m  ]\u001b[22m\n\u001b[39m\u001b[90m\n\nNumber of calls: \u001b[1m1\u001b[22m\n\u001b[39m\n    at Proxy.<anonymous> (file:///Users/umarsyarif/Documents/Dev/Web/finance-app/client/node_modules/@vitest/expect/dist/index.js:1346:10)\n    at Proxy.<anonymous> (file:///Users/umarsyarif/Documents/Dev/Web/finance-app/client/node_modules/@vitest/expect/dist/index.js:1022:14)\n    at Proxy.methodWrapper (file:///Users/umarsyarif/Documents/Dev/Web/finance-app/client/node_modules/chai/chai.js:1618:25)\n    at /Users/umarsyarif/Documents/Dev/Web/finance-app/client/src/test/TransactionFormDateHandling.test.tsx:210:25\n    at file:///Users/umarsyarif/Documents/Dev/Web/finance-app/client/node_modules/@vitest/runner/dist/chunk-hooks.js:751:20"],"meta":{}},{"ancestorTitles":["Transaction Form Date Handling","Edge Cases"],"fullName":"Transaction Form Date Handling Edge Cases handles undefined transaction gracefully","status":"passed","title":"handles undefined transaction gracefully","duration":1.9305419921875,"failureMessages":[],"meta":{}},{"ancestorTitles":["Transaction Form Date Handling","Edge Cases"],"fullName":"Transaction Form Date Handling Edge Cases handles transaction with missing date","status":"passed","title":"handles transaction with missing date","duration":2.4631669521331787,"failureMessages":[],"meta":{}},{"ancestorTitles":["Transaction Form Date Handling","Edge Cases"],"fullName":"Transaction Form Date Handling Edge Cases handles invalid date strings","status":"passed","title":"handles invalid date strings","duration":1.9202079772949219,"failureMessages":[],"meta":{}}],"startTime":1749730942652,"endTime":1749730942697.9202,"status":"failed","message":"","name":"/Users/umarsyarif/Documents/Dev/Web/finance-app/client/src/test/TransactionFormDateHandling.test.tsx"},{"assertionResults":[{"ancestorTitles":["MonthlyTransactionsView"],"fullName":"MonthlyTransactionsView renders the component with transactions","status":"passed","title":"renders the component with transactions","duration":51.388458013534546,"failureMessages":[],"meta":{}},{"ancestorTitles":["MonthlyTransactionsView"],"fullName":"MonthlyTransactionsView displays current month and year","status":"passed","title":"displays current month and year","duration":5.0528329610824585,"failureMessages":[],"meta":{}},{"ancestorTitles":["MonthlyTransactionsView"],"fullName":"MonthlyTransactionsView calls useTransactions with correct month and year parameters","status":"passed","title":"calls useTransactions with correct month and year parameters","duration":4.1647080183029175,"failureMessages":[],"meta":{}},{"ancestorTitles":["MonthlyTransactionsView"],"fullName":"MonthlyTransactionsView updates month when navigation buttons are clicked","status":"passed","title":"updates month when navigation buttons are clicked","duration":64.5428329706192,"failureMessages":[],"meta":{}},{"ancestorTitles":["MonthlyTransactionsView"],"fullName":"MonthlyTransactionsView opens transaction modal when transaction is clicked","status":"passed","title":"opens transaction modal when transaction is clicked","duration":6.696540951728821,"failureMessages":[],"meta":{}},{"ancestorTitles":["MonthlyTransactionsView"],"fullName":"MonthlyTransactionsView displays loading state","status":"passed","title":"displays loading state","duration":2.530458092689514,"failureMessages":[],"meta":{}},{"ancestorTitles":["MonthlyTransactionsView"],"fullName":"MonthlyTransactionsView displays error state","status":"passed","title":"displays error state","duration":2.7245830297470093,"failureMessages":[],"meta":{}},{"ancestorTitles":["MonthlyTransactionsView"],"fullName":"MonthlyTransactionsView displays empty state when no transactions","status":"passed","title":"displays empty state when no transactions","duration":2.7460410594940186,"failureMessages":[],"meta":{}}],"startTime":1749730942932,"endTime":1749730943071.746,"status":"passed","message":"","name":"/Users/umarsyarif/Documents/Dev/Web/finance-app/client/src/test/Transactions.test.tsx"},{"assertionResults":[{"ancestorTitles":["Wallets Page"],"fullName":"Wallets Page renders the page title","status":"passed","title":"renders the page title","duration":47.41612493991852,"failureMessages":[],"meta":{}},{"ancestorTitles":["Wallets Page"],"fullName":"Wallets Page displays wallets","status":"passed","title":"displays wallets","duration":17.386208057403564,"failureMessages":[],"meta":{}},{"ancestorTitles":["Wallets Page"],"fullName":"Wallets Page displays loading state","status":"passed","title":"displays loading state","duration":1.170083999633789,"failureMessages":[],"meta":{}},{"ancestorTitles":["Wallets Page"],"fullName":"Wallets Page displays error state for wallets","status":"passed","title":"displays error state for wallets","duration":1.0229170322418213,"failureMessages":[],"meta":{}},{"ancestorTitles":["Wallets Page"],"fullName":"Wallets Page displays error state for categories","status":"passed","title":"displays error state for categories","duration":7.127041935920715,"failureMessages":[],"meta":{}},{"ancestorTitles":["Wallets Page"],"fullName":"Wallets Page opens wallet creation dialog","status":"passed","title":"opens wallet creation dialog","duration":65.37529194355011,"failureMessages":[],"meta":{}},{"ancestorTitles":["Wallets Page"],"fullName":"Wallets Page handles wallet form success","status":"passed","title":"handles wallet form success","duration":33.861708998680115,"failureMessages":[],"meta":{}},{"ancestorTitles":["Wallets Page"],"fullName":"Wallets Page switches to categories tab","status":"passed","title":"switches to categories tab","duration":5.483291983604431,"failureMessages":[],"meta":{}},{"ancestorTitles":["Wallets Page"],"fullName":"Wallets Page opens category creation dialog","status":"passed","title":"opens category creation dialog","duration":40.605250000953674,"failureMessages":[],"meta":{}},{"ancestorTitles":["Wallets Page"],"fullName":"Wallets Page handles category form success","status":"passed","title":"handles category form success","duration":58.12945902347565,"failureMessages":[],"meta":{}},{"ancestorTitles":["Wallets Page"],"fullName":"Wallets Page displays empty state when no wallets exist","status":"passed","title":"displays empty state when no wallets exist","duration":3.4489160776138306,"failureMessages":[],"meta":{}},{"ancestorTitles":["Wallets Page"],"fullName":"Wallets Page displays empty state when no categories exist","status":"passed","title":"displays empty state when no categories exist","duration":26.92383301258087,"failureMessages":[],"meta":{}}],"startTime":1749730942986,"endTime":1749730943293.9238,"status":"passed","message":"","name":"/Users/umarsyarif/Documents/Dev/Web/finance-app/client/src/test/Wallets.test.tsx"}]}